<?xml version="1.0" encoding="UTF-8"?>
<!-- Generated by org.testng.reporters.JUnitReportReporter -->
<testsuite hostname="DESKTOP-B4ND95H" failures="0" tests="1" name="com.nit.Test1" time="0.012" errors="0" timestamp="2024-02-09T18:10:52 IST" skipped="0">
  <testcase classname="com.nit.Test1" name="add" time="0.012"/>
  <system-out/>
</testsuite> <!-- com.nit.Test1 -->
